{"D:\\coding\\Node\\02-bases\\src\\js-foundation\\01-template.ts": {"path":"D:\\coding\\Node\\02-bases\\src\\js-foundation\\01-template.ts","all":false,"statementMap":{"0":{"start":{"line":1,"column":0},"end":{"line":1,"column":30}},"1":{"start":{"line":2,"column":0},"end":{"line":2,"column":9}},"2":{"start":{"line":3,"column":0},"end":{"line":3,"column":31}},"3":{"start":{"line":4,"column":0},"end":{"line":4,"column":34}},"4":{"start":{"line":5,"column":0},"end":{"line":5,"column":10}},"5":{"start":{"line":6,"column":0},"end":{"line":6,"column":1}}},"s":{"0":1,"1":1,"2":1,"3":1,"4":1,"5":1},"branchMap":{},"b":{},"fnMap":{},"f":{}}
,"D:\\coding\\Node\\02-bases\\src\\js-foundation\\02-destructuring.ts": {"path":"D:\\coding\\Node\\02-bases\\src\\js-foundation\\02-destructuring.ts","all":false,"statementMap":{"0":{"start":{"line":1,"column":0},"end":{"line":1,"column":53}},"1":{"start":{"line":2,"column":0},"end":{"line":2,"column":0}},"2":{"start":{"line":3,"column":0},"end":{"line":3,"column":48}},"3":{"start":{"line":4,"column":0},"end":{"line":4,"column":0}},"4":{"start":{"line":5,"column":0},"end":{"line":5,"column":66}},"5":{"start":{"line":6,"column":0},"end":{"line":6,"column":0}},"6":{"start":{"line":7,"column":0},"end":{"line":7,"column":30}},"7":{"start":{"line":8,"column":0},"end":{"line":8,"column":0}},"8":{"start":{"line":9,"column":0},"end":{"line":9,"column":19}}},"s":{"0":1,"1":1,"2":1,"3":1,"4":1,"5":1,"6":1,"7":1,"8":1},"branchMap":{},"b":{},"fnMap":{},"f":{}}
,"D:\\coding\\Node\\02-bases\\src\\js-foundation\\03-callbacks.ts": {"path":"D:\\coding\\Node\\02-bases\\src\\js-foundation\\03-callbacks.ts","all":false,"statementMap":{"0":{"start":{"line":1,"column":0},"end":{"line":1,"column":16}},"1":{"start":{"line":2,"column":0},"end":{"line":2,"column":12}},"2":{"start":{"line":3,"column":0},"end":{"line":3,"column":14}},"3":{"start":{"line":4,"column":0},"end":{"line":4,"column":1}},"4":{"start":{"line":5,"column":0},"end":{"line":5,"column":0}},"5":{"start":{"line":6,"column":0},"end":{"line":6,"column":23}},"6":{"start":{"line":7,"column":0},"end":{"line":7,"column":2}},"7":{"start":{"line":8,"column":0},"end":{"line":8,"column":8}},"8":{"start":{"line":9,"column":0},"end":{"line":9,"column":17}},"9":{"start":{"line":10,"column":0},"end":{"line":10,"column":3}},"10":{"start":{"line":11,"column":0},"end":{"line":11,"column":2}},"11":{"start":{"line":12,"column":0},"end":{"line":12,"column":8}},"12":{"start":{"line":13,"column":0},"end":{"line":13,"column":17}},"13":{"start":{"line":14,"column":0},"end":{"line":14,"column":3}},"14":{"start":{"line":15,"column":0},"end":{"line":15,"column":2}},"15":{"start":{"line":16,"column":0},"end":{"line":16,"column":0}},"16":{"start":{"line":17,"column":0},"end":{"line":17,"column":28}},"17":{"start":{"line":18,"column":0},"end":{"line":18,"column":12}},"18":{"start":{"line":19,"column":0},"end":{"line":19,"column":47}},"19":{"start":{"line":20,"column":0},"end":{"line":20,"column":6}},"20":{"start":{"line":21,"column":0},"end":{"line":21,"column":51}},"21":{"start":{"line":22,"column":0},"end":{"line":22,"column":0}},"22":{"start":{"line":23,"column":0},"end":{"line":23,"column":5}},"23":{"start":{"line":24,"column":0},"end":{"line":24,"column":29}},"24":{"start":{"line":25,"column":0},"end":{"line":25,"column":44}},"25":{"start":{"line":26,"column":0},"end":{"line":26,"column":2}}},"s":{"0":1,"1":1,"2":1,"3":1,"4":1,"5":1,"6":1,"7":1,"8":1,"9":1,"10":1,"11":1,"12":1,"13":1,"14":1,"15":1,"16":1,"17":2,"18":2,"19":2,"20":2,"21":2,"22":2,"23":2,"24":2,"25":2},"branchMap":{"0":{"type":"branch","line":17,"loc":{"start":{"line":17,"column":27},"end":{"line":26,"column":2}},"locations":[{"start":{"line":17,"column":27},"end":{"line":26,"column":2}}]},"1":{"type":"branch","line":24,"loc":{"start":{"line":24,"column":2},"end":{"line":24,"column":29}},"locations":[{"start":{"line":24,"column":2},"end":{"line":24,"column":29}}]},"2":{"type":"branch","line":25,"loc":{"start":{"line":25,"column":2},"end":{"line":25,"column":43}},"locations":[{"start":{"line":25,"column":2},"end":{"line":25,"column":43}}]},"3":{"type":"branch","line":21,"loc":{"start":{"line":21,"column":25},"end":{"line":21,"column":49}},"locations":[{"start":{"line":21,"column":25},"end":{"line":21,"column":49}}]}},"b":{"0":[2],"1":[1],"2":[1],"3":[3]},"fnMap":{"0":{"name":"getUserById","decl":{"start":{"line":17,"column":27},"end":{"line":26,"column":2}},"loc":{"start":{"line":17,"column":27},"end":{"line":26,"column":2}},"line":17}},"f":{"0":2}}
,"D:\\coding\\Node\\02-bases\\src\\js-foundation\\05-factory.ts": {"path":"D:\\coding\\Node\\02-bases\\src\\js-foundation\\05-factory.ts","all":false,"statementMap":{"0":{"start":{"line":1,"column":0},"end":{"line":1,"column":0}},"1":{"start":{"line":2,"column":0},"end":{"line":2,"column":34}},"2":{"start":{"line":3,"column":0},"end":{"line":3,"column":27}},"3":{"start":{"line":4,"column":0},"end":{"line":4,"column":41}},"4":{"start":{"line":5,"column":0},"end":{"line":5,"column":4}},"5":{"start":{"line":6,"column":0},"end":{"line":6,"column":1}},"6":{"start":{"line":7,"column":0},"end":{"line":7,"column":0}},"7":{"start":{"line":8,"column":0},"end":{"line":8,"column":25}},"8":{"start":{"line":9,"column":0},"end":{"line":9,"column":17}},"9":{"start":{"line":10,"column":0},"end":{"line":10,"column":21}},"10":{"start":{"line":11,"column":0},"end":{"line":11,"column":1}},"11":{"start":{"line":12,"column":0},"end":{"line":12,"column":0}},"12":{"start":{"line":13,"column":0},"end":{"line":13,"column":47}},"13":{"start":{"line":14,"column":0},"end":{"line":14,"column":0}},"14":{"start":{"line":15,"column":0},"end":{"line":15,"column":81}},"15":{"start":{"line":16,"column":0},"end":{"line":16,"column":50}},"16":{"start":{"line":17,"column":0},"end":{"line":17,"column":16}},"17":{"start":{"line":18,"column":0},"end":{"line":18,"column":27}},"18":{"start":{"line":19,"column":0},"end":{"line":19,"column":17}},"19":{"start":{"line":20,"column":0},"end":{"line":20,"column":22}},"20":{"start":{"line":21,"column":0},"end":{"line":21,"column":34}},"21":{"start":{"line":22,"column":0},"end":{"line":22,"column":9}},"22":{"start":{"line":23,"column":0},"end":{"line":23,"column":5}},"23":{"start":{"line":24,"column":0},"end":{"line":24,"column":1}}},"s":{"0":1,"1":1,"2":1,"3":1,"4":1,"5":1,"6":1,"7":1,"8":1,"9":1,"10":1,"11":1,"12":1,"13":1,"14":1,"15":2,"16":1,"17":1,"18":1,"19":1,"20":1,"21":1,"22":1,"23":2},"branchMap":{"0":{"type":"branch","line":15,"loc":{"start":{"line":15,"column":31},"end":{"line":24,"column":1}},"locations":[{"start":{"line":15,"column":31},"end":{"line":24,"column":1}}]},"1":{"type":"branch","line":16,"loc":{"start":{"line":16,"column":11},"end":{"line":23,"column":5}},"locations":[{"start":{"line":16,"column":11},"end":{"line":23,"column":5}}]}},"b":{"0":[2],"1":[1]},"fnMap":{"0":{"name":"buildMakePerson","decl":{"start":{"line":15,"column":31},"end":{"line":24,"column":1}},"loc":{"start":{"line":15,"column":31},"end":{"line":24,"column":1}},"line":15}},"f":{"0":2}}
,"D:\\coding\\Node\\02-bases\\src\\js-foundation\\06-promises.ts": {"path":"D:\\coding\\Node\\02-bases\\src\\js-foundation\\06-promises.ts","all":false,"statementMap":{"0":{"start":{"line":1,"column":0},"end":{"line":1,"column":44}},"1":{"start":{"line":2,"column":0},"end":{"line":2,"column":0}},"2":{"start":{"line":3,"column":0},"end":{"line":3,"column":77}},"3":{"start":{"line":4,"column":0},"end":{"line":4,"column":0}},"4":{"start":{"line":5,"column":0},"end":{"line":5,"column":9}},"5":{"start":{"line":6,"column":0},"end":{"line":6,"column":61}},"6":{"start":{"line":7,"column":0},"end":{"line":7,"column":49}},"7":{"start":{"line":8,"column":0},"end":{"line":8,"column":27}},"8":{"start":{"line":9,"column":0},"end":{"line":9,"column":21}},"9":{"start":{"line":10,"column":0},"end":{"line":10,"column":54}},"10":{"start":{"line":11,"column":0},"end":{"line":11,"column":5}},"11":{"start":{"line":12,"column":0},"end":{"line":12,"column":1}}},"s":{"0":1,"1":1,"2":1,"3":2,"4":2,"5":2,"6":2,"7":1,"8":1,"9":1,"10":1,"11":2},"branchMap":{"0":{"type":"branch","line":3,"loc":{"start":{"line":3,"column":30},"end":{"line":12,"column":1}},"locations":[{"start":{"line":3,"column":30},"end":{"line":12,"column":1}}]},"1":{"type":"branch","line":3,"loc":{"start":{"line":3,"column":75},"end":{"line":12,"column":1}},"locations":[{"start":{"line":3,"column":75},"end":{"line":12,"column":1}}]},"2":{"type":"branch","line":8,"loc":{"start":{"line":8,"column":-2},"end":{"line":11,"column":5}},"locations":[{"start":{"line":8,"column":-2},"end":{"line":11,"column":5}}]}},"b":{"0":[2],"1":[2],"2":[1]},"fnMap":{"0":{"name":"getPokemonById","decl":{"start":{"line":3,"column":30},"end":{"line":12,"column":1}},"loc":{"start":{"line":3,"column":30},"end":{"line":12,"column":1}},"line":3}},"f":{"0":2}}
,"D:\\coding\\Node\\02-bases\\src\\js-foundation\\plugins\\get-age.plugin.ts": {"path":"D:\\coding\\Node\\02-bases\\src\\js-foundation\\plugins\\get-age.plugin.ts","all":false,"statementMap":{"0":{"start":{"line":1,"column":0},"end":{"line":1,"column":38}},"1":{"start":{"line":2,"column":0},"end":{"line":2,"column":0}},"2":{"start":{"line":3,"column":0},"end":{"line":3,"column":46}},"3":{"start":{"line":4,"column":0},"end":{"line":4,"column":35}},"4":{"start":{"line":5,"column":0},"end":{"line":5,"column":1}}},"s":{"0":1,"1":1,"2":1,"3":2,"4":2},"branchMap":{"0":{"type":"branch","line":3,"loc":{"start":{"line":3,"column":22},"end":{"line":5,"column":1}},"locations":[{"start":{"line":3,"column":22},"end":{"line":5,"column":1}}]}},"b":{"0":[2]},"fnMap":{"0":{"name":"getAge","decl":{"start":{"line":3,"column":22},"end":{"line":5,"column":1}},"loc":{"start":{"line":3,"column":22},"end":{"line":5,"column":1}},"line":3}},"f":{"0":2}}
,"D:\\coding\\Node\\02-bases\\src\\js-foundation\\plugins\\get-id.plugin.ts": {"path":"D:\\coding\\Node\\02-bases\\src\\js-foundation\\plugins\\get-id.plugin.ts","all":false,"statementMap":{"0":{"start":{"line":1,"column":0},"end":{"line":1,"column":36}},"1":{"start":{"line":2,"column":0},"end":{"line":2,"column":0}},"2":{"start":{"line":3,"column":0},"end":{"line":3,"column":29}},"3":{"start":{"line":4,"column":0},"end":{"line":4,"column":0}},"4":{"start":{"line":5,"column":0},"end":{"line":5,"column":31}},"5":{"start":{"line":6,"column":0},"end":{"line":6,"column":20}},"6":{"start":{"line":7,"column":0},"end":{"line":7,"column":1}}},"s":{"0":1,"1":1,"2":1,"3":1,"4":1,"5":1,"6":1},"branchMap":{"0":{"type":"branch","line":5,"loc":{"start":{"line":5,"column":24},"end":{"line":7,"column":1}},"locations":[{"start":{"line":5,"column":24},"end":{"line":7,"column":1}}]}},"b":{"0":[1]},"fnMap":{"0":{"name":"uniqueId","decl":{"start":{"line":5,"column":24},"end":{"line":7,"column":1}},"loc":{"start":{"line":5,"column":24},"end":{"line":7,"column":1}},"line":5}},"f":{"0":1}}
,"D:\\coding\\Node\\02-bases\\src\\js-foundation\\plugins\\http-client.plugin.ts": {"path":"D:\\coding\\Node\\02-bases\\src\\js-foundation\\plugins\\http-client.plugin.ts","all":false,"statementMap":{"0":{"start":{"line":1,"column":0},"end":{"line":1,"column":26}},"1":{"start":{"line":2,"column":0},"end":{"line":2,"column":0}},"2":{"start":{"line":3,"column":0},"end":{"line":3,"column":33}},"3":{"start":{"line":4,"column":0},"end":{"line":4,"column":0}},"4":{"start":{"line":5,"column":0},"end":{"line":5,"column":30}},"5":{"start":{"line":6,"column":0},"end":{"line":6,"column":1}},"6":{"start":{"line":7,"column":0},"end":{"line":7,"column":43}},"7":{"start":{"line":8,"column":0},"end":{"line":8,"column":19}},"8":{"start":{"line":9,"column":0},"end":{"line":9,"column":8}},"9":{"start":{"line":10,"column":0},"end":{"line":10,"column":6}},"10":{"start":{"line":11,"column":0},"end":{"line":11,"column":42}},"11":{"start":{"line":12,"column":0},"end":{"line":12,"column":43}},"12":{"start":{"line":13,"column":0},"end":{"line":13,"column":8}},"13":{"start":{"line":14,"column":0},"end":{"line":14,"column":6}},"14":{"start":{"line":15,"column":0},"end":{"line":15,"column":41}},"15":{"start":{"line":16,"column":0},"end":{"line":16,"column":43}},"16":{"start":{"line":17,"column":0},"end":{"line":17,"column":8}},"17":{"start":{"line":18,"column":0},"end":{"line":18,"column":6}},"18":{"start":{"line":19,"column":0},"end":{"line":19,"column":33}},"19":{"start":{"line":20,"column":0},"end":{"line":20,"column":43}},"20":{"start":{"line":21,"column":0},"end":{"line":21,"column":8}},"21":{"start":{"line":22,"column":0},"end":{"line":22,"column":5}},"22":{"start":{"line":23,"column":0},"end":{"line":23,"column":0}},"23":{"start":{"line":24,"column":0},"end":{"line":24,"column":1}}},"s":{"0":1,"1":1,"2":1,"3":1,"4":1,"5":3,"6":3,"7":2,"8":2,"9":3,"10":1,"11":0,"12":0,"13":0,"14":1,"15":0,"16":0,"17":0,"18":1,"19":0,"20":0,"21":0,"22":1,"23":1},"branchMap":{"0":{"type":"branch","line":5,"loc":{"start":{"line":5,"column":9},"end":{"line":10,"column":6}},"locations":[{"start":{"line":5,"column":9},"end":{"line":10,"column":6}}]},"1":{"type":"branch","line":5,"loc":{"start":{"line":5,"column":29},"end":{"line":10,"column":5}},"locations":[{"start":{"line":5,"column":29},"end":{"line":10,"column":5}}]},"2":{"type":"branch","line":8,"loc":{"start":{"line":8,"column":-2},"end":{"line":10,"column":5}},"locations":[{"start":{"line":8,"column":-2},"end":{"line":10,"column":5}}]}},"b":{"0":[3],"1":[3],"2":[2]},"fnMap":{"0":{"name":"get","decl":{"start":{"line":5,"column":9},"end":{"line":10,"column":6}},"loc":{"start":{"line":5,"column":9},"end":{"line":10,"column":6}},"line":5},"1":{"name":"post","decl":{"start":{"line":11,"column":10},"end":{"line":14,"column":6}},"loc":{"start":{"line":11,"column":10},"end":{"line":14,"column":6}},"line":11},"2":{"name":"put","decl":{"start":{"line":15,"column":9},"end":{"line":18,"column":6}},"loc":{"start":{"line":15,"column":9},"end":{"line":18,"column":6}},"line":15},"3":{"name":"delete","decl":{"start":{"line":19,"column":12},"end":{"line":22,"column":5}},"loc":{"start":{"line":19,"column":12},"end":{"line":22,"column":5}},"line":19}},"f":{"0":3,"1":0,"2":0,"3":0}}
,"D:\\coding\\Node\\02-bases\\src\\js-foundation\\plugins\\index.ts": {"path":"D:\\coding\\Node\\02-bases\\src\\js-foundation\\plugins\\index.ts","all":false,"statementMap":{"0":{"start":{"line":1,"column":0},"end":{"line":1,"column":0}},"1":{"start":{"line":2,"column":0},"end":{"line":2,"column":41}},"2":{"start":{"line":3,"column":0},"end":{"line":3,"column":42}},"3":{"start":{"line":4,"column":0},"end":{"line":4,"column":69}},"4":{"start":{"line":5,"column":0},"end":{"line":5,"column":45}}},"s":{"0":1,"1":1,"2":1,"3":1,"4":1},"branchMap":{"0":{"type":"branch","line":2,"loc":{"start":{"line":2,"column":9},"end":{"line":2,"column":41}},"locations":[{"start":{"line":2,"column":9},"end":{"line":2,"column":41}}]},"1":{"type":"branch","line":4,"loc":{"start":{"line":4,"column":9},"end":{"line":4,"column":39}},"locations":[{"start":{"line":4,"column":9},"end":{"line":4,"column":39}}]}},"b":{"0":[2],"1":[6]},"fnMap":{"0":{"name":"get","decl":{"start":{"line":2,"column":9},"end":{"line":2,"column":41}},"loc":{"start":{"line":2,"column":9},"end":{"line":2,"column":41}},"line":2},"1":{"name":"get","decl":{"start":{"line":3,"column":9},"end":{"line":3,"column":42}},"loc":{"start":{"line":3,"column":9},"end":{"line":3,"column":42}},"line":3},"2":{"name":"get","decl":{"start":{"line":4,"column":9},"end":{"line":4,"column":39}},"loc":{"start":{"line":4,"column":9},"end":{"line":4,"column":39}},"line":4},"3":{"name":"get","decl":{"start":{"line":5,"column":9},"end":{"line":5,"column":45}},"loc":{"start":{"line":5,"column":9},"end":{"line":5,"column":45}},"line":5}},"f":{"0":2,"1":0,"2":6,"3":0}}
,"D:\\coding\\Node\\02-bases\\src\\js-foundation\\plugins\\logger.plugin.ts": {"path":"D:\\coding\\Node\\02-bases\\src\\js-foundation\\plugins\\logger.plugin.ts","all":false,"statementMap":{"0":{"start":{"line":1,"column":0},"end":{"line":1,"column":42}},"1":{"start":{"line":2,"column":0},"end":{"line":2,"column":0}},"2":{"start":{"line":3,"column":0},"end":{"line":3,"column":42}},"3":{"start":{"line":4,"column":0},"end":{"line":4,"column":0}},"4":{"start":{"line":5,"column":0},"end":{"line":5,"column":44}},"5":{"start":{"line":6,"column":0},"end":{"line":6,"column":16}},"6":{"start":{"line":7,"column":0},"end":{"line":7,"column":39}},"7":{"start":{"line":8,"column":0},"end":{"line":8,"column":15}},"8":{"start":{"line":9,"column":0},"end":{"line":9,"column":75}},"9":{"start":{"line":10,"column":0},"end":{"line":10,"column":62}},"10":{"start":{"line":11,"column":0},"end":{"line":11,"column":4}},"11":{"start":{"line":12,"column":0},"end":{"line":12,"column":3}},"12":{"start":{"line":13,"column":0},"end":{"line":13,"column":0}},"13":{"start":{"line":14,"column":0},"end":{"line":14,"column":49}},"14":{"start":{"line":15,"column":0},"end":{"line":15,"column":0}},"15":{"start":{"line":16,"column":0},"end":{"line":16,"column":11}},"16":{"start":{"line":17,"column":0},"end":{"line":17,"column":0}},"17":{"start":{"line":18,"column":0},"end":{"line":18,"column":33}},"18":{"start":{"line":19,"column":0},"end":{"line":19,"column":50}},"19":{"start":{"line":20,"column":0},"end":{"line":20,"column":10}},"20":{"start":{"line":21,"column":0},"end":{"line":21,"column":35}},"21":{"start":{"line":22,"column":0},"end":{"line":22,"column":56}},"22":{"start":{"line":23,"column":0},"end":{"line":23,"column":9}},"23":{"start":{"line":24,"column":0},"end":{"line":24,"column":0}},"24":{"start":{"line":25,"column":0},"end":{"line":25,"column":5}},"25":{"start":{"line":26,"column":0},"end":{"line":26,"column":0}},"26":{"start":{"line":27,"column":0},"end":{"line":27,"column":1}}},"s":{"0":1,"1":1,"2":1,"3":1,"4":1,"5":1,"6":1,"7":1,"8":1,"9":1,"10":1,"11":1,"12":1,"13":1,"14":2,"15":2,"16":2,"17":2,"18":1,"19":2,"20":2,"21":0,"22":0,"23":2,"24":2,"25":2,"26":2},"branchMap":{"0":{"type":"branch","line":14,"loc":{"start":{"line":14,"column":27},"end":{"line":27,"column":1}},"locations":[{"start":{"line":14,"column":27},"end":{"line":27,"column":1}}]},"1":{"type":"branch","line":18,"loc":{"start":{"line":18,"column":13},"end":{"line":20,"column":9}},"locations":[{"start":{"line":18,"column":13},"end":{"line":20,"column":9}}]}},"b":{"0":[2],"1":[1]},"fnMap":{"0":{"name":"buildLogger","decl":{"start":{"line":14,"column":27},"end":{"line":27,"column":1}},"loc":{"start":{"line":14,"column":27},"end":{"line":27,"column":1}},"line":14},"1":{"name":"log","decl":{"start":{"line":18,"column":13},"end":{"line":20,"column":9}},"loc":{"start":{"line":18,"column":13},"end":{"line":20,"column":9}},"line":18},"2":{"name":"error","decl":{"start":{"line":21,"column":15},"end":{"line":23,"column":9}},"loc":{"start":{"line":21,"column":15},"end":{"line":23,"column":9}},"line":21}},"f":{"0":2,"1":1,"2":0}}
}
